TN:
SF:/Users/cliffano/dev/workspace/sapi/lib/endpoint/getbylistingid.js
FN:18,path
FN:24,_success
FN:28,_invalid
FNF:3
FNH:3
FNDA:1,path
FNDA:1,_success
FNDA:1,_invalid
DA:5,1
DA:18,1
DA:19,1
DA:24,1
DA:25,1
DA:28,1
DA:29,1
DA:32,1
DA:33,1
DA:34,1
DA:35,1
LF:11
LH:11
BRF:0
BRH:0
end_of_record
TN:
SF:/Users/cliffano/dev/workspace/sapi/lib/endpoint/metadata.js
FN:18,path
FN:24,_success
FNF:2
FNH:2
FNDA:1,path
FNDA:1,_success
DA:5,1
DA:18,1
DA:19,1
DA:24,1
DA:25,1
DA:28,1
DA:29,1
DA:30,1
DA:31,1
LF:9
LH:9
BRF:0
BRH:0
end_of_record
TN:
SF:/Users/cliffano/dev/workspace/sapi/lib/endpoint/report.js
FN:18,path
FN:24,_success
FN:28,_spellChecked
FN:32,_invalid
FNF:4
FNH:4
FNDA:1,path
FNDA:1,_success
FNDA:1,_spellChecked
FNDA:1,_invalid
DA:5,1
DA:18,1
DA:19,1
DA:24,1
DA:25,1
DA:28,1
DA:29,1
DA:32,1
DA:33,1
DA:36,1
DA:37,1
DA:38,1
DA:39,1
LF:13
LH:13
BRF:0
BRH:0
end_of_record
TN:
SF:/Users/cliffano/dev/workspace/sapi/lib/endpoint/search.js
FN:18,path
FN:24,_success
FN:28,_spellChecked
FN:32,_invalid
FNF:4
FNH:4
FNDA:4,path
FNDA:2,_success
FNDA:1,_spellChecked
FNDA:1,_invalid
DA:5,1
DA:18,1
DA:19,4
DA:24,1
DA:25,2
DA:28,1
DA:29,1
DA:32,1
DA:33,1
DA:36,1
DA:37,1
DA:38,1
DA:39,1
LF:13
LH:13
BRF:0
BRH:0
end_of_record
TN:
SF:/Users/cliffano/dev/workspace/sapi/lib/sapi.js
FN:16,Sapi
FN:19,_authRequire
FN:38,(anonymous_3)
FN:42,(anonymous_4)
FN:50,(anonymous_5)
FN:61,(anonymous_6)
FNF:6
FNH:6
FNDA:5,Sapi
FNDA:2,_authRequire
FNDA:4,(anonymous_3)
FNDA:26,(anonymous_4)
FNDA:2,(anonymous_5)
FNDA:3,(anonymous_6)
DA:1,1
DA:16,1
DA:17,5
DA:19,1
DA:22,2
DA:23,1
DA:25,1
DA:29,5
DA:30,5
DA:31,5
DA:38,1
DA:40,4
DA:42,4
DA:50,26
DA:51,2
DA:52,2
DA:61,4
DA:63,3
DA:64,3
DA:66,3
DA:70,1
LF:21
LH:21
BRDA:17,1,0,5
BRDA:17,1,1,4
BRDA:22,2,0,1
BRDA:22,2,1,1
BRDA:30,3,0,5
BRDA:30,3,1,4
BRF:6
BRH:6
end_of_record
